<?xml version="1.0" encoding="UTF-8"?>
<testng-results skipped="0" failed="0" ignored="0" total="6" passed="6">
  <reporter-output>
  </reporter-output>
  <suite name="Suite" duration-ms="79084" started-at="2020-06-21T13:05:23Z" finished-at="2020-06-21T13:06:42Z">
    <groups>
    </groups>
    <test name="Test" duration-ms="79084" started-at="2020-06-21T13:05:23Z" finished-at="2020-06-21T13:06:42Z">
      <class name="grid.GridTestCase">
        <test-method status="PASS" signature="readData(java.lang.String, java.lang.String)[pri:0, instance:grid.GridTestCase@70a9f84e]" name="readData" duration-ms="58184" started-at="2020-06-21T13:05:24Z" data-provider="getData" finished-at="2020-06-21T13:06:22Z">
          <params>
            <param index="0">
              <value>
                <![CDATA[chrome]]>
              </value>
            </param>
            <param index="1">
              <value>
                <![CDATA[http://gmail.com]]>
              </value>
            </param>
          </params>
          <reporter-output>
          </reporter-output>
        </test-method> <!-- readData -->
        <test-method status="PASS" signature="readData(java.lang.String, java.lang.String)[pri:0, instance:grid.GridTestCase@70a9f84e]" name="readData" duration-ms="77632" started-at="2020-06-21T13:05:24Z" data-provider="getData" finished-at="2020-06-21T13:06:42Z">
          <params>
            <param index="0">
              <value>
                <![CDATA[firefox]]>
              </value>
            </param>
            <param index="1">
              <value>
                <![CDATA[http://cricbuzz.com]]>
              </value>
            </param>
          </params>
          <reporter-output>
          </reporter-output>
        </test-method> <!-- readData -->
        <test-method status="PASS" signature="readData(java.lang.String, java.lang.String)[pri:0, instance:grid.GridTestCase@70a9f84e]" name="readData" duration-ms="72105" started-at="2020-06-21T13:05:24Z" data-provider="getData" finished-at="2020-06-21T13:06:36Z">
          <params>
            <param index="0">
              <value>
                <![CDATA[chrome]]>
              </value>
            </param>
            <param index="1">
              <value>
                <![CDATA[http://aajtak.com]]>
              </value>
            </param>
          </params>
          <reporter-output>
          </reporter-output>
        </test-method> <!-- readData -->
        <test-method status="PASS" signature="readData(java.lang.String, java.lang.String)[pri:0, instance:grid.GridTestCase@70a9f84e]" name="readData" duration-ms="76258" started-at="2020-06-21T13:05:24Z" data-provider="getData" finished-at="2020-06-21T13:06:40Z">
          <params>
            <param index="0">
              <value>
                <![CDATA[chrome]]>
              </value>
            </param>
            <param index="1">
              <value>
                <![CDATA[http://cricinfo.com]]>
              </value>
            </param>
          </params>
          <reporter-output>
          </reporter-output>
        </test-method> <!-- readData -->
        <test-method status="PASS" signature="readData(java.lang.String, java.lang.String)[pri:0, instance:grid.GridTestCase@70a9f84e]" name="readData" duration-ms="77714" started-at="2020-06-21T13:05:24Z" data-provider="getData" finished-at="2020-06-21T13:06:42Z">
          <params>
            <param index="0">
              <value>
                <![CDATA[firefox]]>
              </value>
            </param>
            <param index="1">
              <value>
                <![CDATA[http://google.com]]>
              </value>
            </param>
          </params>
          <reporter-output>
          </reporter-output>
        </test-method> <!-- readData -->
        <test-method status="PASS" signature="readData(java.lang.String, java.lang.String)[pri:0, instance:grid.GridTestCase@70a9f84e]" name="readData" duration-ms="77891" started-at="2020-06-21T13:05:24Z" data-provider="getData" finished-at="2020-06-21T13:06:42Z">
          <params>
            <param index="0">
              <value>
                <![CDATA[firefox]]>
              </value>
            </param>
            <param index="1">
              <value>
                <![CDATA[http://google.com]]>
              </value>
            </param>
          </params>
          <reporter-output>
          </reporter-output>
        </test-method> <!-- readData -->
      </class> <!-- grid.GridTestCase -->
    </test> <!-- Test -->
  </suite> <!-- Suite -->
</testng-results>
