<?xml version="1.0" encoding="UTF-8"?>
<!-- Generated by org.testng.reporters.JUnitXMLReporter -->
<testsuite hostname="ITEM-S60792" ignored="0" name="Default test" tests="4" failures="0" timestamp="21 Jun 2020 12:49:37 GMT" time="0.844" errors="0">
  <testcase name="doLogin" time="0.022" classname="parameterization.TestNGParameterizationHash"/>
  <testcase name="doLogin" time="0.003" classname="parameterization.TestNGParameterizationHash"/>
  <testcase name="doLogin" time="0.003" classname="parameterization.TestNGParameterizationHash"/>
  <testcase name="doLogin" time="0.003" classname="parameterization.TestNGParameterizationHash"/>
</testsuite> <!-- Default test -->
