<?xml version="1.0" encoding="UTF-8"?>
<testng-results skipped="0" failed="0" ignored="0" total="1" passed="1">
  <reporter-output>
  </reporter-output>
  <suite name="Default suite" duration-ms="6682" started-at="2020-06-24T12:50:18Z" finished-at="2020-06-24T12:50:24Z">
    <groups>
    </groups>
    <test name="Default test" duration-ms="6682" started-at="2020-06-24T12:50:18Z" finished-at="2020-06-24T12:50:24Z">
      <class name="MavenTest">
        <test-method status="PASS" signature="setUp()[pri:0, instance:MavenTest@3e6fa38a]" name="setUp" is-config="true" duration-ms="3811" started-at="2020-06-24T12:50:18Z" finished-at="2020-06-24T12:50:21Z">
          <reporter-output>
          </reporter-output>
        </test-method> <!-- setUp -->
        <test-method status="PASS" signature="launchWebSite()[pri:0, instance:MavenTest@3e6fa38a]" name="launchWebSite" duration-ms="2045" started-at="2020-06-24T12:50:21Z" finished-at="2020-06-24T12:50:24Z">
          <reporter-output>
          </reporter-output>
        </test-method> <!-- launchWebSite -->
        <test-method status="PASS" signature="tearDown()[pri:0, instance:MavenTest@3e6fa38a]" name="tearDown" is-config="true" duration-ms="791" started-at="2020-06-24T12:50:24Z" finished-at="2020-06-24T12:50:24Z">
          <reporter-output>
          </reporter-output>
        </test-method> <!-- tearDown -->
      </class> <!-- MavenTest -->
    </test> <!-- Default test -->
  </suite> <!-- Default suite -->
</testng-results>
