<?xml version="1.0" encoding="UTF-8"?>
<testng-results skipped="0" failed="0" ignored="0" total="4" passed="4">
  <reporter-output>
  </reporter-output>
  <suite name="Default suite" duration-ms="844" started-at="2020-06-21T12:49:36Z" finished-at="2020-06-21T12:49:37Z">
    <groups>
    </groups>
    <test name="Default test" duration-ms="844" started-at="2020-06-21T12:49:36Z" finished-at="2020-06-21T12:49:37Z">
      <class name="parameterization.TestNGParameterizationHash">
        <test-method status="PASS" signature="doLogin(java.util.Hashtable)[pri:0, instance:parameterization.TestNGParameterizationHash@4667ae56]" name="doLogin" duration-ms="22" started-at="2020-06-21T12:49:37Z" data-provider="getData" finished-at="2020-06-21T12:49:37Z">
          <params>
            <param index="0">
              <value>
                <![CDATA[{Correct=Y, Password=Sharma, UserName=Dhruv }]]>
              </value>
            </param>
          </params>
          <reporter-output>
          </reporter-output>
        </test-method> <!-- doLogin -->
        <test-method status="PASS" signature="doLogin(java.util.Hashtable)[pri:0, instance:parameterization.TestNGParameterizationHash@4667ae56]" name="doLogin" duration-ms="3" started-at="2020-06-21T12:49:37Z" data-provider="getData" finished-at="2020-06-21T12:49:37Z">
          <params>
            <param index="0">
              <value>
                <![CDATA[{Correct=Y, Password=Sharma, UserName=Neha}]]>
              </value>
            </param>
          </params>
          <reporter-output>
          </reporter-output>
        </test-method> <!-- doLogin -->
        <test-method status="PASS" signature="doLogin(java.util.Hashtable)[pri:0, instance:parameterization.TestNGParameterizationHash@4667ae56]" name="doLogin" duration-ms="3" started-at="2020-06-21T12:49:37Z" data-provider="getData" finished-at="2020-06-21T12:49:37Z">
          <params>
            <param index="0">
              <value>
                <![CDATA[{Correct=N, Password=Sharma, UserName=Sudha }]]>
              </value>
            </param>
          </params>
          <reporter-output>
          </reporter-output>
        </test-method> <!-- doLogin -->
        <test-method status="PASS" signature="doLogin(java.util.Hashtable)[pri:0, instance:parameterization.TestNGParameterizationHash@4667ae56]" name="doLogin" duration-ms="3" started-at="2020-06-21T12:49:37Z" data-provider="getData" finished-at="2020-06-21T12:49:37Z">
          <params>
            <param index="0">
              <value>
                <![CDATA[{Correct=N, Password=Sharma, UserName=Mahesh}]]>
              </value>
            </param>
          </params>
          <reporter-output>
          </reporter-output>
        </test-method> <!-- doLogin -->
      </class> <!-- parameterization.TestNGParameterizationHash -->
    </test> <!-- Default test -->
  </suite> <!-- Default suite -->
</testng-results>
